[2023-07-27 10:34:16.962] [INFO ] [main] com.springboot.jpa.JpaApplication Starting JpaApplication using Java 17.0.7 on DESKTOP-MO2LO5I with PID 2184 (C:\springboot\workspace\jpa\target\classes started by BIG601-07 in C:\springboot\workspace\jpa)
[2023-07-27 10:34:16.965] [INFO ] [main] com.springboot.jpa.JpaApplication No active profile set, falling back to 1 default profile: "default"
[2023-07-27 10:34:17.600] [INFO ] [main] org.springframework.data.repository.config.RepositoryConfigurationDelegate Bootstrapping Spring Data JPA repositories in DEFAULT mode.
[2023-07-27 10:34:17.646] [INFO ] [main] org.springframework.data.repository.config.RepositoryConfigurationDelegate Finished Spring Data repository scanning in 38 ms. Found 1 JPA repository interfaces.
[2023-07-27 10:34:18.164] [INFO ] [main] org.springframework.boot.web.embedded.tomcat.TomcatWebServer Tomcat initialized with port(s): 8060 (http)
[2023-07-27 10:34:18.173] [INFO ] [main] org.apache.coyote.http11.Http11NioProtocol Initializing ProtocolHandler ["http-nio-8060"]
[2023-07-27 10:34:18.175] [INFO ] [main] org.apache.catalina.core.StandardService Starting service [Tomcat]
[2023-07-27 10:34:18.176] [INFO ] [main] org.apache.catalina.core.StandardEngine Starting Servlet engine: [Apache Tomcat/9.0.78]
[2023-07-27 10:34:18.285] [INFO ] [main] org.apache.catalina.core.ContainerBase.[Tomcat].[localhost].[/] Initializing Spring embedded WebApplicationContext
[2023-07-27 10:34:18.286] [INFO ] [main] org.springframework.boot.web.servlet.context.ServletWebServerApplicationContext Root WebApplicationContext: initialization completed in 1283 ms
[2023-07-27 10:34:18.441] [INFO ] [main] org.hibernate.jpa.internal.util.LogHelper HHH000204: Processing PersistenceUnitInfo [name: default]
[2023-07-27 10:34:18.490] [INFO ] [main] org.hibernate.Version HHH000412: Hibernate ORM core version 5.6.15.Final
[2023-07-27 10:34:18.661] [INFO ] [main] org.hibernate.annotations.common.Version HCANN000001: Hibernate Commons Annotations {5.1.2.Final}
[2023-07-27 10:34:18.753] [INFO ] [main] com.zaxxer.hikari.HikariDataSource HikariPool-1 - Starting...
[2023-07-27 10:34:18.844] [INFO ] [main] com.zaxxer.hikari.HikariDataSource HikariPool-1 - Start completed.
[2023-07-27 10:34:18.876] [INFO ] [main] org.hibernate.dialect.Dialect HHH000400: Using dialect: org.hibernate.dialect.MariaDB53Dialect
[2023-07-27 10:34:19.448] [INFO ] [main] org.hibernate.engine.transaction.jta.platform.internal.JtaPlatformInitiator HHH000490: Using JtaPlatform implementation: [org.hibernate.engine.transaction.jta.platform.internal.NoJtaPlatform]
[2023-07-27 10:34:19.456] [INFO ] [main] org.springframework.orm.jpa.LocalContainerEntityManagerFactoryBean Initialized JPA EntityManagerFactory for persistence unit 'default'
[2023-07-27 10:34:19.465] [WARN ] [main] org.springframework.boot.web.servlet.context.AnnotationConfigServletWebServerApplicationContext Exception encountered during context initialization - cancelling refresh attempt: org.springframework.beans.factory.UnsatisfiedDependencyException: Error creating bean with name 'productController' defined in file [C:\springboot\workspace\jpa\target\classes\com\springboot\jpa\controller\ProductController.class]: Unsatisfied dependency expressed through constructor parameter 0; nested exception is org.springframework.beans.factory.NoSuchBeanDefinitionException: No qualifying bean of type 'com.springboot.jpa.service.ProductService' available: expected at least 1 bean which qualifies as autowire candidate. Dependency annotations: {}
[2023-07-27 10:34:19.466] [INFO ] [main] org.springframework.orm.jpa.LocalContainerEntityManagerFactoryBean Closing JPA EntityManagerFactory for persistence unit 'default'
[2023-07-27 10:34:19.469] [INFO ] [main] com.zaxxer.hikari.HikariDataSource HikariPool-1 - Shutdown initiated...
[2023-07-27 10:34:19.474] [INFO ] [main] com.zaxxer.hikari.HikariDataSource HikariPool-1 - Shutdown completed.
[2023-07-27 10:34:19.476] [INFO ] [main] org.apache.catalina.core.StandardService Stopping service [Tomcat]
[2023-07-27 10:34:19.485] [INFO ] [main] org.springframework.boot.autoconfigure.logging.ConditionEvaluationReportLoggingListener 

Error starting ApplicationContext. To display the conditions report re-run your application with 'debug' enabled.
[2023-07-27 10:34:19.504] [ERROR] [main] org.springframework.boot.diagnostics.LoggingFailureAnalysisReporter 

***************************
APPLICATION FAILED TO START
***************************

Description:

Parameter 0 of constructor in com.springboot.jpa.controller.ProductController required a bean of type 'com.springboot.jpa.service.ProductService' that could not be found.


Action:

Consider defining a bean of type 'com.springboot.jpa.service.ProductService' in your configuration.

[2023-07-27 10:35:31.023] [INFO ] [main] com.springboot.jpa.JpaApplication Starting JpaApplication using Java 17.0.7 on DESKTOP-MO2LO5I with PID 4960 (C:\springboot\workspace\jpa\target\classes started by BIG601-07 in C:\springboot\workspace\jpa)
[2023-07-27 10:35:31.026] [INFO ] [main] com.springboot.jpa.JpaApplication No active profile set, falling back to 1 default profile: "default"
[2023-07-27 10:35:31.702] [INFO ] [main] org.springframework.data.repository.config.RepositoryConfigurationDelegate Bootstrapping Spring Data JPA repositories in DEFAULT mode.
[2023-07-27 10:35:31.749] [INFO ] [main] org.springframework.data.repository.config.RepositoryConfigurationDelegate Finished Spring Data repository scanning in 39 ms. Found 1 JPA repository interfaces.
[2023-07-27 10:35:32.209] [INFO ] [main] org.springframework.boot.web.embedded.tomcat.TomcatWebServer Tomcat initialized with port(s): 8060 (http)
[2023-07-27 10:35:32.217] [INFO ] [main] org.apache.coyote.http11.Http11NioProtocol Initializing ProtocolHandler ["http-nio-8060"]
[2023-07-27 10:35:32.221] [INFO ] [main] org.apache.catalina.core.StandardService Starting service [Tomcat]
[2023-07-27 10:35:32.221] [INFO ] [main] org.apache.catalina.core.StandardEngine Starting Servlet engine: [Apache Tomcat/9.0.78]
[2023-07-27 10:35:32.314] [INFO ] [main] org.apache.catalina.core.ContainerBase.[Tomcat].[localhost].[/] Initializing Spring embedded WebApplicationContext
[2023-07-27 10:35:32.314] [INFO ] [main] org.springframework.boot.web.servlet.context.ServletWebServerApplicationContext Root WebApplicationContext: initialization completed in 1239 ms
[2023-07-27 10:35:32.457] [INFO ] [main] org.hibernate.jpa.internal.util.LogHelper HHH000204: Processing PersistenceUnitInfo [name: default]
[2023-07-27 10:35:32.501] [INFO ] [main] org.hibernate.Version HHH000412: Hibernate ORM core version 5.6.15.Final
[2023-07-27 10:35:32.659] [INFO ] [main] org.hibernate.annotations.common.Version HCANN000001: Hibernate Commons Annotations {5.1.2.Final}
[2023-07-27 10:35:32.755] [INFO ] [main] com.zaxxer.hikari.HikariDataSource HikariPool-1 - Starting...
[2023-07-27 10:35:32.810] [INFO ] [main] com.zaxxer.hikari.HikariDataSource HikariPool-1 - Start completed.
[2023-07-27 10:35:32.837] [INFO ] [main] org.hibernate.dialect.Dialect HHH000400: Using dialect: org.hibernate.dialect.MariaDB53Dialect
[2023-07-27 10:35:33.311] [INFO ] [main] org.hibernate.engine.transaction.jta.platform.internal.JtaPlatformInitiator HHH000490: Using JtaPlatform implementation: [org.hibernate.engine.transaction.jta.platform.internal.NoJtaPlatform]
[2023-07-27 10:35:33.320] [INFO ] [main] org.springframework.orm.jpa.LocalContainerEntityManagerFactoryBean Initialized JPA EntityManagerFactory for persistence unit 'default'
[2023-07-27 10:35:33.330] [WARN ] [main] org.springframework.boot.web.servlet.context.AnnotationConfigServletWebServerApplicationContext Exception encountered during context initialization - cancelling refresh attempt: org.springframework.beans.factory.UnsatisfiedDependencyException: Error creating bean with name 'productController' defined in file [C:\springboot\workspace\jpa\target\classes\com\springboot\jpa\controller\ProductController.class]: Unsatisfied dependency expressed through constructor parameter 0; nested exception is org.springframework.beans.factory.NoSuchBeanDefinitionException: No qualifying bean of type 'com.springboot.jpa.service.ProductService' available: expected at least 1 bean which qualifies as autowire candidate. Dependency annotations: {}
[2023-07-27 10:35:33.331] [INFO ] [main] org.springframework.orm.jpa.LocalContainerEntityManagerFactoryBean Closing JPA EntityManagerFactory for persistence unit 'default'
[2023-07-27 10:35:33.335] [INFO ] [main] com.zaxxer.hikari.HikariDataSource HikariPool-1 - Shutdown initiated...
[2023-07-27 10:35:33.340] [INFO ] [main] com.zaxxer.hikari.HikariDataSource HikariPool-1 - Shutdown completed.
[2023-07-27 10:35:33.342] [INFO ] [main] org.apache.catalina.core.StandardService Stopping service [Tomcat]
[2023-07-27 10:35:33.352] [INFO ] [main] org.springframework.boot.autoconfigure.logging.ConditionEvaluationReportLoggingListener 

Error starting ApplicationContext. To display the conditions report re-run your application with 'debug' enabled.
[2023-07-27 10:35:33.370] [ERROR] [main] org.springframework.boot.diagnostics.LoggingFailureAnalysisReporter 

***************************
APPLICATION FAILED TO START
***************************

Description:

Parameter 0 of constructor in com.springboot.jpa.controller.ProductController required a bean of type 'com.springboot.jpa.service.ProductService' that could not be found.


Action:

Consider defining a bean of type 'com.springboot.jpa.service.ProductService' in your configuration.

[2023-07-27 10:45:19.778] [INFO ] [main] com.springboot.jpa.JpaApplication Starting JpaApplication using Java 17.0.7 on DESKTOP-MO2LO5I with PID 9168 (C:\springboot\workspace\jpa\target\classes started by BIG601-07 in C:\springboot\workspace\jpa)
[2023-07-27 10:45:19.781] [INFO ] [main] com.springboot.jpa.JpaApplication No active profile set, falling back to 1 default profile: "default"
[2023-07-27 10:45:20.402] [INFO ] [main] org.springframework.data.repository.config.RepositoryConfigurationDelegate Bootstrapping Spring Data JPA repositories in DEFAULT mode.
[2023-07-27 10:45:20.447] [INFO ] [main] org.springframework.data.repository.config.RepositoryConfigurationDelegate Finished Spring Data repository scanning in 38 ms. Found 1 JPA repository interfaces.
[2023-07-27 10:45:20.891] [INFO ] [main] org.springframework.boot.web.embedded.tomcat.TomcatWebServer Tomcat initialized with port(s): 8060 (http)
[2023-07-27 10:45:20.901] [INFO ] [main] org.apache.coyote.http11.Http11NioProtocol Initializing ProtocolHandler ["http-nio-8060"]
[2023-07-27 10:45:20.902] [INFO ] [main] org.apache.catalina.core.StandardService Starting service [Tomcat]
[2023-07-27 10:45:20.903] [INFO ] [main] org.apache.catalina.core.StandardEngine Starting Servlet engine: [Apache Tomcat/9.0.78]
[2023-07-27 10:45:21.001] [INFO ] [main] org.apache.catalina.core.ContainerBase.[Tomcat].[localhost].[/] Initializing Spring embedded WebApplicationContext
[2023-07-27 10:45:21.001] [INFO ] [main] org.springframework.boot.web.servlet.context.ServletWebServerApplicationContext Root WebApplicationContext: initialization completed in 1181 ms
[2023-07-27 10:45:21.149] [INFO ] [main] org.hibernate.jpa.internal.util.LogHelper HHH000204: Processing PersistenceUnitInfo [name: default]
[2023-07-27 10:45:21.194] [INFO ] [main] org.hibernate.Version HHH000412: Hibernate ORM core version 5.6.15.Final
[2023-07-27 10:45:21.347] [INFO ] [main] org.hibernate.annotations.common.Version HCANN000001: Hibernate Commons Annotations {5.1.2.Final}
[2023-07-27 10:45:21.440] [INFO ] [main] com.zaxxer.hikari.HikariDataSource HikariPool-1 - Starting...
[2023-07-27 10:45:21.494] [INFO ] [main] com.zaxxer.hikari.HikariDataSource HikariPool-1 - Start completed.
[2023-07-27 10:45:21.523] [INFO ] [main] org.hibernate.dialect.Dialect HHH000400: Using dialect: org.hibernate.dialect.MariaDB53Dialect
[2023-07-27 10:45:22.045] [INFO ] [main] org.hibernate.engine.transaction.jta.platform.internal.JtaPlatformInitiator HHH000490: Using JtaPlatform implementation: [org.hibernate.engine.transaction.jta.platform.internal.NoJtaPlatform]
[2023-07-27 10:45:22.054] [INFO ] [main] org.springframework.orm.jpa.LocalContainerEntityManagerFactoryBean Initialized JPA EntityManagerFactory for persistence unit 'default'
[2023-07-27 10:45:22.064] [WARN ] [main] org.springframework.boot.web.servlet.context.AnnotationConfigServletWebServerApplicationContext Exception encountered during context initialization - cancelling refresh attempt: org.springframework.beans.factory.UnsatisfiedDependencyException: Error creating bean with name 'productController' defined in file [C:\springboot\workspace\jpa\target\classes\com\springboot\jpa\controller\ProductController.class]: Unsatisfied dependency expressed through constructor parameter 0; nested exception is org.springframework.beans.factory.NoSuchBeanDefinitionException: No qualifying bean of type 'com.springboot.jpa.service.ProductService' available: expected at least 1 bean which qualifies as autowire candidate. Dependency annotations: {}
[2023-07-27 10:45:22.064] [INFO ] [main] org.springframework.orm.jpa.LocalContainerEntityManagerFactoryBean Closing JPA EntityManagerFactory for persistence unit 'default'
[2023-07-27 10:45:22.067] [INFO ] [main] com.zaxxer.hikari.HikariDataSource HikariPool-1 - Shutdown initiated...
[2023-07-27 10:45:22.070] [INFO ] [main] com.zaxxer.hikari.HikariDataSource HikariPool-1 - Shutdown completed.
[2023-07-27 10:45:22.072] [INFO ] [main] org.apache.catalina.core.StandardService Stopping service [Tomcat]
[2023-07-27 10:45:22.082] [INFO ] [main] org.springframework.boot.autoconfigure.logging.ConditionEvaluationReportLoggingListener 

Error starting ApplicationContext. To display the conditions report re-run your application with 'debug' enabled.
[2023-07-27 10:45:22.100] [ERROR] [main] org.springframework.boot.diagnostics.LoggingFailureAnalysisReporter 

***************************
APPLICATION FAILED TO START
***************************

Description:

Parameter 0 of constructor in com.springboot.jpa.controller.ProductController required a bean of type 'com.springboot.jpa.service.ProductService' that could not be found.


Action:

Consider defining a bean of type 'com.springboot.jpa.service.ProductService' in your configuration.

[2023-07-27 10:50:12.125] [INFO ] [main] com.springboot.jpa.JpaApplication Starting JpaApplication using Java 17.0.7 on DESKTOP-MO2LO5I with PID 11064 (C:\springboot\workspace\jpa\target\classes started by BIG601-07 in C:\springboot\workspace\jpa)
[2023-07-27 10:50:12.129] [INFO ] [main] com.springboot.jpa.JpaApplication No active profile set, falling back to 1 default profile: "default"
[2023-07-27 10:50:12.769] [INFO ] [main] org.springframework.data.repository.config.RepositoryConfigurationDelegate Bootstrapping Spring Data JPA repositories in DEFAULT mode.
[2023-07-27 10:50:12.813] [INFO ] [main] org.springframework.data.repository.config.RepositoryConfigurationDelegate Finished Spring Data repository scanning in 37 ms. Found 1 JPA repository interfaces.
[2023-07-27 10:50:13.264] [INFO ] [main] org.springframework.boot.web.embedded.tomcat.TomcatWebServer Tomcat initialized with port(s): 8060 (http)
[2023-07-27 10:50:13.271] [INFO ] [main] org.apache.coyote.http11.Http11NioProtocol Initializing ProtocolHandler ["http-nio-8060"]
[2023-07-27 10:50:13.273] [INFO ] [main] org.apache.catalina.core.StandardService Starting service [Tomcat]
[2023-07-27 10:50:13.273] [INFO ] [main] org.apache.catalina.core.StandardEngine Starting Servlet engine: [Apache Tomcat/9.0.78]
[2023-07-27 10:50:13.372] [INFO ] [main] org.apache.catalina.core.ContainerBase.[Tomcat].[localhost].[/] Initializing Spring embedded WebApplicationContext
[2023-07-27 10:50:13.372] [INFO ] [main] org.springframework.boot.web.servlet.context.ServletWebServerApplicationContext Root WebApplicationContext: initialization completed in 1205 ms
[2023-07-27 10:50:13.520] [INFO ] [main] org.hibernate.jpa.internal.util.LogHelper HHH000204: Processing PersistenceUnitInfo [name: default]
[2023-07-27 10:50:13.565] [INFO ] [main] org.hibernate.Version HHH000412: Hibernate ORM core version 5.6.15.Final
[2023-07-27 10:50:13.716] [INFO ] [main] org.hibernate.annotations.common.Version HCANN000001: Hibernate Commons Annotations {5.1.2.Final}
[2023-07-27 10:50:13.814] [INFO ] [main] com.zaxxer.hikari.HikariDataSource HikariPool-1 - Starting...
[2023-07-27 10:50:13.876] [INFO ] [main] com.zaxxer.hikari.HikariDataSource HikariPool-1 - Start completed.
[2023-07-27 10:50:13.906] [INFO ] [main] org.hibernate.dialect.Dialect HHH000400: Using dialect: org.hibernate.dialect.MariaDB53Dialect
[2023-07-27 10:50:14.396] [INFO ] [main] org.hibernate.engine.transaction.jta.platform.internal.JtaPlatformInitiator HHH000490: Using JtaPlatform implementation: [org.hibernate.engine.transaction.jta.platform.internal.NoJtaPlatform]
[2023-07-27 10:50:14.405] [INFO ] [main] org.springframework.orm.jpa.LocalContainerEntityManagerFactoryBean Initialized JPA EntityManagerFactory for persistence unit 'default'
[2023-07-27 10:50:14.747] [WARN ] [main] org.springframework.boot.autoconfigure.orm.jpa.JpaBaseConfiguration$JpaWebConfiguration spring.jpa.open-in-view is enabled by default. Therefore, database queries may be performed during view rendering. Explicitly configure spring.jpa.open-in-view to disable this warning
[2023-07-27 10:50:14.850] [INFO ] [main] springfox.documentation.spring.web.PropertySourcedRequestMappingHandlerMapping Mapped URL path [/v2/api-docs] onto method [springfox.documentation.swagger2.web.Swagger2Controller#getDocumentation(String, HttpServletRequest)]
[2023-07-27 10:50:15.064] [INFO ] [main] org.apache.coyote.http11.Http11NioProtocol Starting ProtocolHandler ["http-nio-8060"]
[2023-07-27 10:50:15.082] [INFO ] [main] org.springframework.boot.web.embedded.tomcat.TomcatWebServer Tomcat started on port(s): 8060 (http) with context path ''
[2023-07-27 10:50:15.083] [INFO ] [main] springfox.documentation.spring.web.plugins.DocumentationPluginsBootstrapper Context refreshed
[2023-07-27 10:50:15.110] [INFO ] [main] springfox.documentation.spring.web.plugins.DocumentationPluginsBootstrapper Found 1 custom documentation plugin(s)
[2023-07-27 10:50:15.137] [INFO ] [main] springfox.documentation.spring.web.scanners.ApiListingReferenceScanner Scanning for api listing references
[2023-07-27 10:50:15.233] [INFO ] [main] com.springboot.jpa.JpaApplication Started JpaApplication in 3.501 seconds (JVM running for 4.109)
[2023-07-27 10:50:20.688] [INFO ] [http-nio-8060-exec-1] org.apache.catalina.core.ContainerBase.[Tomcat].[localhost].[/] Initializing Spring DispatcherServlet 'dispatcherServlet'
[2023-07-27 10:50:20.688] [INFO ] [http-nio-8060-exec-1] org.springframework.web.servlet.DispatcherServlet Initializing Servlet 'dispatcherServlet'
[2023-07-27 10:50:20.690] [INFO ] [http-nio-8060-exec-1] org.springframework.web.servlet.DispatcherServlet Completed initialization in 2 ms
[2023-07-27 10:54:10.911] [INFO ] [RMI TCP Connection(12)-127.0.0.1] org.springframework.boot.admin.SpringApplicationAdminMXBeanRegistrar$SpringApplicationAdmin Application shutdown requested.
[2023-07-27 10:54:10.917] [INFO ] [RMI TCP Connection(12)-127.0.0.1] org.apache.coyote.http11.Http11NioProtocol Pausing ProtocolHandler ["http-nio-8060"]
[2023-07-27 10:54:10.918] [INFO ] [RMI TCP Connection(12)-127.0.0.1] org.apache.catalina.core.StandardService Stopping service [Tomcat]
[2023-07-27 10:54:10.919] [INFO ] [RMI TCP Connection(12)-127.0.0.1] org.apache.catalina.core.ContainerBase.[Tomcat].[localhost].[/] Destroying Spring FrameworkServlet 'dispatcherServlet'
[2023-07-27 10:54:10.921] [INFO ] [RMI TCP Connection(12)-127.0.0.1] org.apache.coyote.http11.Http11NioProtocol Stopping ProtocolHandler ["http-nio-8060"]
[2023-07-27 10:54:10.923] [INFO ] [RMI TCP Connection(12)-127.0.0.1] org.apache.coyote.http11.Http11NioProtocol Destroying ProtocolHandler ["http-nio-8060"]
[2023-07-27 10:54:10.925] [INFO ] [RMI TCP Connection(12)-127.0.0.1] org.springframework.orm.jpa.LocalContainerEntityManagerFactoryBean Closing JPA EntityManagerFactory for persistence unit 'default'
[2023-07-27 10:54:10.927] [INFO ] [RMI TCP Connection(12)-127.0.0.1] com.zaxxer.hikari.HikariDataSource HikariPool-1 - Shutdown initiated...
[2023-07-27 10:54:10.930] [INFO ] [RMI TCP Connection(12)-127.0.0.1] com.zaxxer.hikari.HikariDataSource HikariPool-1 - Shutdown completed.
[2023-07-27 10:54:12.828] [INFO ] [main] com.springboot.jpa.JpaApplication Starting JpaApplication using Java 17.0.7 on DESKTOP-MO2LO5I with PID 5248 (C:\springboot\workspace\jpa\target\classes started by BIG601-07 in C:\springboot\workspace\jpa)
[2023-07-27 10:54:12.831] [INFO ] [main] com.springboot.jpa.JpaApplication No active profile set, falling back to 1 default profile: "default"
[2023-07-27 10:54:13.437] [INFO ] [main] org.springframework.data.repository.config.RepositoryConfigurationDelegate Bootstrapping Spring Data JPA repositories in DEFAULT mode.
[2023-07-27 10:54:13.482] [INFO ] [main] org.springframework.data.repository.config.RepositoryConfigurationDelegate Finished Spring Data repository scanning in 36 ms. Found 1 JPA repository interfaces.
[2023-07-27 10:54:13.915] [INFO ] [main] org.springframework.boot.web.embedded.tomcat.TomcatWebServer Tomcat initialized with port(s): 8060 (http)
[2023-07-27 10:54:13.922] [INFO ] [main] org.apache.coyote.http11.Http11NioProtocol Initializing ProtocolHandler ["http-nio-8060"]
[2023-07-27 10:54:13.924] [INFO ] [main] org.apache.catalina.core.StandardService Starting service [Tomcat]
[2023-07-27 10:54:13.924] [INFO ] [main] org.apache.catalina.core.StandardEngine Starting Servlet engine: [Apache Tomcat/9.0.78]
[2023-07-27 10:54:14.019] [INFO ] [main] org.apache.catalina.core.ContainerBase.[Tomcat].[localhost].[/] Initializing Spring embedded WebApplicationContext
[2023-07-27 10:54:14.019] [INFO ] [main] org.springframework.boot.web.servlet.context.ServletWebServerApplicationContext Root WebApplicationContext: initialization completed in 1152 ms
[2023-07-27 10:54:14.164] [INFO ] [main] org.hibernate.jpa.internal.util.LogHelper HHH000204: Processing PersistenceUnitInfo [name: default]
[2023-07-27 10:54:14.209] [INFO ] [main] org.hibernate.Version HHH000412: Hibernate ORM core version 5.6.15.Final
[2023-07-27 10:54:14.354] [INFO ] [main] org.hibernate.annotations.common.Version HCANN000001: Hibernate Commons Annotations {5.1.2.Final}
[2023-07-27 10:54:14.440] [INFO ] [main] com.zaxxer.hikari.HikariDataSource HikariPool-1 - Starting...
[2023-07-27 10:54:14.500] [INFO ] [main] com.zaxxer.hikari.HikariDataSource HikariPool-1 - Start completed.
[2023-07-27 10:54:14.529] [INFO ] [main] org.hibernate.dialect.Dialect HHH000400: Using dialect: org.hibernate.dialect.MariaDB53Dialect
[2023-07-27 10:54:15.008] [INFO ] [main] org.hibernate.engine.transaction.jta.platform.internal.JtaPlatformInitiator HHH000490: Using JtaPlatform implementation: [org.hibernate.engine.transaction.jta.platform.internal.NoJtaPlatform]
[2023-07-27 10:54:15.017] [INFO ] [main] org.springframework.orm.jpa.LocalContainerEntityManagerFactoryBean Initialized JPA EntityManagerFactory for persistence unit 'default'
[2023-07-27 10:54:15.358] [WARN ] [main] org.springframework.boot.autoconfigure.orm.jpa.JpaBaseConfiguration$JpaWebConfiguration spring.jpa.open-in-view is enabled by default. Therefore, database queries may be performed during view rendering. Explicitly configure spring.jpa.open-in-view to disable this warning
[2023-07-27 10:54:15.464] [INFO ] [main] springfox.documentation.spring.web.PropertySourcedRequestMappingHandlerMapping Mapped URL path [/v2/api-docs] onto method [springfox.documentation.swagger2.web.Swagger2Controller#getDocumentation(String, HttpServletRequest)]
[2023-07-27 10:54:15.674] [INFO ] [main] org.apache.coyote.http11.Http11NioProtocol Starting ProtocolHandler ["http-nio-8060"]
[2023-07-27 10:54:15.693] [INFO ] [main] org.springframework.boot.web.embedded.tomcat.TomcatWebServer Tomcat started on port(s): 8060 (http) with context path ''
[2023-07-27 10:54:15.693] [INFO ] [main] springfox.documentation.spring.web.plugins.DocumentationPluginsBootstrapper Context refreshed
[2023-07-27 10:54:15.718] [INFO ] [main] springfox.documentation.spring.web.plugins.DocumentationPluginsBootstrapper Found 1 custom documentation plugin(s)
[2023-07-27 10:54:15.744] [INFO ] [main] springfox.documentation.spring.web.scanners.ApiListingReferenceScanner Scanning for api listing references
[2023-07-27 10:54:15.837] [INFO ] [main] com.springboot.jpa.JpaApplication Started JpaApplication in 3.37 seconds (JVM running for 3.975)
[2023-07-27 10:54:21.240] [INFO ] [http-nio-8060-exec-1] org.apache.catalina.core.ContainerBase.[Tomcat].[localhost].[/] Initializing Spring DispatcherServlet 'dispatcherServlet'
[2023-07-27 10:54:21.241] [INFO ] [http-nio-8060-exec-1] org.springframework.web.servlet.DispatcherServlet Initializing Servlet 'dispatcherServlet'
[2023-07-27 10:54:21.242] [INFO ] [http-nio-8060-exec-1] org.springframework.web.servlet.DispatcherServlet Completed initialization in 1 ms
[2023-07-27 11:12:38.359] [INFO ] [RMI TCP Connection(27)-127.0.0.1] org.springframework.boot.admin.SpringApplicationAdminMXBeanRegistrar$SpringApplicationAdmin Application shutdown requested.
[2023-07-27 11:12:38.367] [INFO ] [RMI TCP Connection(27)-127.0.0.1] org.apache.coyote.http11.Http11NioProtocol Pausing ProtocolHandler ["http-nio-8060"]
[2023-07-27 11:12:38.367] [INFO ] [RMI TCP Connection(27)-127.0.0.1] org.apache.catalina.core.StandardService Stopping service [Tomcat]
[2023-07-27 11:12:38.368] [INFO ] [RMI TCP Connection(27)-127.0.0.1] org.apache.catalina.core.ContainerBase.[Tomcat].[localhost].[/] Destroying Spring FrameworkServlet 'dispatcherServlet'
[2023-07-27 11:12:38.371] [INFO ] [RMI TCP Connection(27)-127.0.0.1] org.apache.coyote.http11.Http11NioProtocol Stopping ProtocolHandler ["http-nio-8060"]
[2023-07-27 11:12:38.373] [INFO ] [RMI TCP Connection(27)-127.0.0.1] org.apache.coyote.http11.Http11NioProtocol Destroying ProtocolHandler ["http-nio-8060"]
[2023-07-27 11:12:38.376] [INFO ] [RMI TCP Connection(27)-127.0.0.1] org.springframework.orm.jpa.LocalContainerEntityManagerFactoryBean Closing JPA EntityManagerFactory for persistence unit 'default'
[2023-07-27 11:12:38.377] [INFO ] [RMI TCP Connection(27)-127.0.0.1] com.zaxxer.hikari.HikariDataSource HikariPool-1 - Shutdown initiated...
[2023-07-27 11:12:38.381] [INFO ] [RMI TCP Connection(27)-127.0.0.1] com.zaxxer.hikari.HikariDataSource HikariPool-1 - Shutdown completed.
